[Wed Apr  8 18:07:51 2026] PHP 8.3.6 Development Server (http://localhost:8000) started
[Wed Apr  8 18:08:05 2026] [::1]:44722 Accepted
[Wed Apr  8 18:08:05 2026] Erro de conexão com o banco: Connection refused
[Wed Apr  8 18:08:05 2026] [::1]:44722 [500]: GET /codigobarras.php
[Wed Apr  8 18:08:05 2026] [::1]:44722 Closing
[Wed Apr  8 18:08:42 2026] [::1]:52016 Accepted
[Wed Apr  8 18:08:42 2026] PHP Warning:  include(../templates/header.php): Failed to open stream: No such file or directory in /app/codigobarras.php on line 83
[Wed Apr  8 18:08:42 2026] PHP Warning:  include(): Failed opening '../templates/header.php' for inclusion (include_path='.:/usr/share/php') in /app/codigobarras.php on line 83
[Wed Apr  8 18:08:42 2026] [::1]:52016 [200]: GET /codigobarras.php
[Wed Apr  8 18:08:42 2026] [::1]:52016 Closing
[Wed Apr  8 18:08:42 2026] [::1]:52032 Accepted
[Wed Apr  8 18:08:42 2026] [::1]:52032 [200]: GET /styles.css
[Wed Apr  8 18:08:42 2026] [::1]:52032 Closing
[Wed Apr  8 18:08:43 2026] [::1]:52034 Accepted
[Wed Apr  8 18:08:43 2026] PHP Warning:  include(../templates/header.php): Failed to open stream: No such file or directory in /app/codigobarras.php on line 83
[Wed Apr  8 18:08:43 2026] PHP Warning:  include(): Failed opening '../templates/header.php' for inclusion (include_path='.:/usr/share/php') in /app/codigobarras.php on line 83
[Wed Apr  8 18:08:43 2026] [::1]:52034 [200]: GET /codigobarras.php?codigo=invalid@123
[Wed Apr  8 18:08:43 2026] [::1]:52034 Closing
[Wed Apr  8 18:08:43 2026] [::1]:52042 Accepted
[Wed Apr  8 18:08:43 2026] [::1]:52042 [200]: GET /styles.css
[Wed Apr  8 18:08:43 2026] [::1]:52042 Closing
